2022-06-06 16:09:18,398 INFO org.springframework.boot.StartupInfoLogger [main] Starting SearchApplication using Java 17.0.2 on nenads-MacBook-Pro.local with PID 87393 (/Users/nenad/Documents/Projects/rbc-library-search/target/classes started by nenad in /Users/nenad/Documents/Projects/rbc-library-search)
2022-06-06 16:09:18,402 DEBUG org.springframework.boot.StartupInfoLogger [main] Running with Spring Boot v2.6.6, Spring v5.3.18
2022-06-06 16:09:18,403 INFO org.springframework.boot.SpringApplication [main] No active profile set, falling back to 1 default profile: "default"
2022-06-06 16:09:19,129 INFO org.springframework.data.repository.config.RepositoryConfigurationDelegate [main] Bootstrapping Spring Data Elasticsearch repositories in DEFAULT mode.
2022-06-06 16:09:19,185 INFO org.springframework.data.repository.config.RepositoryConfigurationDelegate [main] Finished Spring Data repository scanning in 51 ms. Found 1 Elasticsearch repository interfaces.
2022-06-06 16:09:19,192 INFO org.springframework.data.repository.config.RepositoryConfigurationDelegate [main] Bootstrapping Spring Data Reactive Elasticsearch repositories in DEFAULT mode.
2022-06-06 16:09:19,197 INFO org.springframework.data.repository.config.RepositoryConfigurationDelegate [main] Finished Spring Data repository scanning in 4 ms. Found 0 Reactive Elasticsearch repository interfaces.
2022-06-06 16:09:19,787 INFO org.springframework.boot.web.embedded.tomcat.TomcatWebServer [main] Tomcat initialized with port(s): 8080 (http)
2022-06-06 16:09:19,800 INFO org.apache.juli.logging.DirectJDKLog [main] Initializing ProtocolHandler ["http-nio-8080"]
2022-06-06 16:09:19,801 INFO org.apache.juli.logging.DirectJDKLog [main] Starting service [Tomcat]
2022-06-06 16:09:19,801 INFO org.apache.juli.logging.DirectJDKLog [main] Starting Servlet engine: [Apache Tomcat/9.0.60]
2022-06-06 16:09:19,922 INFO org.apache.juli.logging.DirectJDKLog [main] Initializing Spring embedded WebApplicationContext
2022-06-06 16:09:19,922 INFO org.springframework.boot.web.servlet.context.ServletWebServerApplicationContext [main] Root WebApplicationContext: initialization completed in 1456 ms
2022-06-06 16:09:21,043 WARN org.elasticsearch.client.RequestLogger [I/O dispatcher 1] request [GET http://localhost:9200/] returned 1 warnings: [299 Elasticsearch-7.17.2-de7261de50d90919ae53b0eff9413fd7e5307301 "Elasticsearch built-in security features are not enabled. Without authentication, your cluster could be accessible to anyone. See https://www.elastic.co/guide/en/elasticsearch/reference/7.17/security-minimal-setup.html to enable security."]
2022-06-06 16:09:21,085 WARN org.elasticsearch.client.RequestLogger [main] request [HEAD http://localhost:9200/book_index?ignore_throttled=false&ignore_unavailable=false&expand_wildcards=open%2Cclosed&allow_no_indices=false] returned 2 warnings: [299 Elasticsearch-7.17.2-de7261de50d90919ae53b0eff9413fd7e5307301 "Elasticsearch built-in security features are not enabled. Without authentication, your cluster could be accessible to anyone. See https://www.elastic.co/guide/en/elasticsearch/reference/7.17/security-minimal-setup.html to enable security."],[299 Elasticsearch-7.17.2-de7261de50d90919ae53b0eff9413fd7e5307301 "[ignore_throttled] parameter is deprecated because frozen indices have been deprecated. Consider cold or frozen tiers in place of frozen indices."]
2022-06-06 16:09:21,435 WARN org.elasticsearch.client.RequestLogger [main] request [PUT http://localhost:9200/book_index?master_timeout=30s&timeout=30s] returned 1 warnings: [299 Elasticsearch-7.17.2-de7261de50d90919ae53b0eff9413fd7e5307301 "Elasticsearch built-in security features are not enabled. Without authentication, your cluster could be accessible to anyone. See https://www.elastic.co/guide/en/elasticsearch/reference/7.17/security-minimal-setup.html to enable security."]
2022-06-06 16:09:21,483 WARN org.springframework.context.support.AbstractApplicationContext [main] Exception encountered during context initialization - cancelling refresh attempt: org.springframework.beans.factory.BeanCreationException: Error creating bean with name 'webConfig': Injection of autowired dependencies failed; nested exception is java.lang.IllegalArgumentException: Could not resolve placeholder 'cors.allowed.origins' in value "${cors.allowed.origins}"
2022-06-06 16:09:21,489 INFO org.apache.juli.logging.DirectJDKLog [main] Stopping service [Tomcat]
2022-06-06 16:09:21,502 INFO org.springframework.boot.autoconfigure.logging.ConditionEvaluationReportLoggingListener [main] 

Error starting ApplicationContext. To display the conditions report re-run your application with 'debug' enabled.
2022-06-06 16:09:21,530 ERROR org.springframework.boot.SpringApplication [main] Application run failed
org.springframework.beans.factory.BeanCreationException: Error creating bean with name 'webConfig': Injection of autowired dependencies failed; nested exception is java.lang.IllegalArgumentException: Could not resolve placeholder 'cors.allowed.origins' in value "${cors.allowed.origins}"
	at org.springframework.beans.factory.annotation.AutowiredAnnotationBeanPostProcessor.postProcessProperties(AutowiredAnnotationBeanPostProcessor.java:405)
	at org.springframework.beans.factory.support.AbstractAutowireCapableBeanFactory.populateBean(AbstractAutowireCapableBeanFactory.java:1431)
	at org.springframework.beans.factory.support.AbstractAutowireCapableBeanFactory.doCreateBean(AbstractAutowireCapableBeanFactory.java:619)
	at org.springframework.beans.factory.support.AbstractAutowireCapableBeanFactory.createBean(AbstractAutowireCapableBeanFactory.java:542)
	at org.springframework.beans.factory.support.AbstractBeanFactory.lambda$doGetBean$0(AbstractBeanFactory.java:335)
	at org.springframework.beans.factory.support.DefaultSingletonBeanRegistry.getSingleton(DefaultSingletonBeanRegistry.java:234)
	at org.springframework.beans.factory.support.AbstractBeanFactory.doGetBean(AbstractBeanFactory.java:333)
	at org.springframework.beans.factory.support.AbstractBeanFactory.getBean(AbstractBeanFactory.java:208)
	at org.springframework.beans.factory.support.DefaultListableBeanFactory.preInstantiateSingletons(DefaultListableBeanFactory.java:953)
	at org.springframework.context.support.AbstractApplicationContext.finishBeanFactoryInitialization(AbstractApplicationContext.java:918)
	at org.springframework.context.support.AbstractApplicationContext.refresh(AbstractApplicationContext.java:583)
	at org.springframework.boot.web.servlet.context.ServletWebServerApplicationContext.refresh(ServletWebServerApplicationContext.java:145)
	at org.springframework.boot.SpringApplication.refresh(SpringApplication.java:740)
	at org.springframework.boot.SpringApplication.refreshContext(SpringApplication.java:415)
	at org.springframework.boot.SpringApplication.run(SpringApplication.java:303)
	at org.springframework.boot.SpringApplication.run(SpringApplication.java:1312)
	at org.springframework.boot.SpringApplication.run(SpringApplication.java:1301)
	at com.productdock.library.search.SearchApplication.main(SearchApplication.java:10)
Caused by: java.lang.IllegalArgumentException: Could not resolve placeholder 'cors.allowed.origins' in value "${cors.allowed.origins}"
	at org.springframework.util.PropertyPlaceholderHelper.parseStringValue(PropertyPlaceholderHelper.java:180)
	at org.springframework.util.PropertyPlaceholderHelper.replacePlaceholders(PropertyPlaceholderHelper.java:126)
	at org.springframework.core.env.AbstractPropertyResolver.doResolvePlaceholders(AbstractPropertyResolver.java:239)
	at org.springframework.core.env.AbstractPropertyResolver.resolveRequiredPlaceholders(AbstractPropertyResolver.java:210)
	at org.springframework.context.support.PropertySourcesPlaceholderConfigurer.lambda$processProperties$0(PropertySourcesPlaceholderConfigurer.java:191)
	at org.springframework.beans.factory.support.AbstractBeanFactory.resolveEmbeddedValue(AbstractBeanFactory.java:936)
	at org.springframework.beans.factory.support.DefaultListableBeanFactory.doResolveDependency(DefaultListableBeanFactory.java:1330)
	at org.springframework.beans.factory.support.DefaultListableBeanFactory.resolveDependency(DefaultListableBeanFactory.java:1309)
	at org.springframework.beans.factory.annotation.AutowiredAnnotationBeanPostProcessor$AutowiredFieldElement.resolveFieldValue(AutowiredAnnotationBeanPostProcessor.java:656)
	at org.springframework.beans.factory.annotation.AutowiredAnnotationBeanPostProcessor$AutowiredFieldElement.inject(AutowiredAnnotationBeanPostProcessor.java:639)
	at org.springframework.beans.factory.annotation.InjectionMetadata.inject(InjectionMetadata.java:119)
	at org.springframework.beans.factory.annotation.AutowiredAnnotationBeanPostProcessor.postProcessProperties(AutowiredAnnotationBeanPostProcessor.java:399)
	... 17 common frames omitted
2022-06-06 16:10:12,466 INFO org.springframework.boot.StartupInfoLogger [main] Starting SearchApplication using Java 17.0.2 on nenads-MacBook-Pro.local with PID 87927 (/Users/nenad/Documents/Projects/rbc-library-search/target/classes started by nenad in /Users/nenad/Documents/Projects/rbc-library-search)
2022-06-06 16:10:12,469 DEBUG org.springframework.boot.StartupInfoLogger [main] Running with Spring Boot v2.6.6, Spring v5.3.18
2022-06-06 16:10:12,470 INFO org.springframework.boot.SpringApplication [main] The following 1 profile is active: "local"
2022-06-06 16:10:13,162 INFO org.springframework.data.repository.config.RepositoryConfigurationDelegate [main] Bootstrapping Spring Data Elasticsearch repositories in DEFAULT mode.
2022-06-06 16:10:13,219 INFO org.springframework.data.repository.config.RepositoryConfigurationDelegate [main] Finished Spring Data repository scanning in 52 ms. Found 1 Elasticsearch repository interfaces.
2022-06-06 16:10:13,225 INFO org.springframework.data.repository.config.RepositoryConfigurationDelegate [main] Bootstrapping Spring Data Reactive Elasticsearch repositories in DEFAULT mode.
2022-06-06 16:10:13,230 INFO org.springframework.data.repository.config.RepositoryConfigurationDelegate [main] Finished Spring Data repository scanning in 4 ms. Found 0 Reactive Elasticsearch repository interfaces.
2022-06-06 16:10:13,817 INFO org.springframework.boot.web.embedded.tomcat.TomcatWebServer [main] Tomcat initialized with port(s): 8080 (http)
2022-06-06 16:10:13,830 INFO org.apache.juli.logging.DirectJDKLog [main] Initializing ProtocolHandler ["http-nio-8080"]
2022-06-06 16:10:13,831 INFO org.apache.juli.logging.DirectJDKLog [main] Starting service [Tomcat]
2022-06-06 16:10:13,831 INFO org.apache.juli.logging.DirectJDKLog [main] Starting Servlet engine: [Apache Tomcat/9.0.60]
2022-06-06 16:10:13,959 INFO org.apache.juli.logging.DirectJDKLog [main] Initializing Spring embedded WebApplicationContext
2022-06-06 16:10:13,960 INFO org.springframework.boot.web.servlet.context.ServletWebServerApplicationContext [main] Root WebApplicationContext: initialization completed in 1428 ms
2022-06-06 16:10:14,840 WARN org.elasticsearch.client.RequestLogger [I/O dispatcher 1] request [GET http://localhost:9200/] returned 1 warnings: [299 Elasticsearch-7.17.2-de7261de50d90919ae53b0eff9413fd7e5307301 "Elasticsearch built-in security features are not enabled. Without authentication, your cluster could be accessible to anyone. See https://www.elastic.co/guide/en/elasticsearch/reference/7.17/security-minimal-setup.html to enable security."]
2022-06-06 16:10:14,877 WARN org.elasticsearch.client.RequestLogger [main] request [HEAD http://localhost:9200/book_index?ignore_throttled=false&ignore_unavailable=false&expand_wildcards=open%2Cclosed&allow_no_indices=false] returned 2 warnings: [299 Elasticsearch-7.17.2-de7261de50d90919ae53b0eff9413fd7e5307301 "Elasticsearch built-in security features are not enabled. Without authentication, your cluster could be accessible to anyone. See https://www.elastic.co/guide/en/elasticsearch/reference/7.17/security-minimal-setup.html to enable security."],[299 Elasticsearch-7.17.2-de7261de50d90919ae53b0eff9413fd7e5307301 "[ignore_throttled] parameter is deprecated because frozen indices have been deprecated. Consider cold or frozen tiers in place of frozen indices."]
2022-06-06 16:10:15,492 INFO org.apache.kafka.common.config.AbstractConfig [main] ConsumerConfig values: 
	allow.auto.create.topics = true
	auto.commit.interval.ms = 5000
	auto.offset.reset = latest
	bootstrap.servers = [localhost:9092]
	check.crcs = true
	client.dns.lookup = use_all_dns_ips
	client.id = consumer-rbc-library-1
	client.rack = 
	connections.max.idle.ms = 540000
	default.api.timeout.ms = 60000
	enable.auto.commit = false
	exclude.internal.topics = true
	fetch.max.bytes = 52428800
	fetch.max.wait.ms = 500
	fetch.min.bytes = 1
	group.id = rbc-library
	group.instance.id = null
	heartbeat.interval.ms = 3000
	interceptor.classes = []
	internal.leave.group.on.close = true
	internal.throw.on.fetch.stable.offset.unsupported = false
	isolation.level = read_uncommitted
	key.deserializer = class org.apache.kafka.common.serialization.StringDeserializer
	max.partition.fetch.bytes = 1048576
	max.poll.interval.ms = 300000
	max.poll.records = 500
	metadata.max.age.ms = 300000
	metric.reporters = []
	metrics.num.samples = 2
	metrics.recording.level = INFO
	metrics.sample.window.ms = 30000
	partition.assignment.strategy = [class org.apache.kafka.clients.consumer.RangeAssignor, class org.apache.kafka.clients.consumer.CooperativeStickyAssignor]
	receive.buffer.bytes = 65536
	reconnect.backoff.max.ms = 1000
	reconnect.backoff.ms = 50
	request.timeout.ms = 30000
	retry.backoff.ms = 100
	sasl.client.callback.handler.class = null
	sasl.jaas.config = null
	sasl.kerberos.kinit.cmd = /usr/bin/kinit
	sasl.kerberos.min.time.before.relogin = 60000
	sasl.kerberos.service.name = null
	sasl.kerberos.ticket.renew.jitter = 0.05
	sasl.kerberos.ticket.renew.window.factor = 0.8
	sasl.login.callback.handler.class = null
	sasl.login.class = null
	sasl.login.refresh.buffer.seconds = 300
	sasl.login.refresh.min.period.seconds = 60
	sasl.login.refresh.window.factor = 0.8
	sasl.login.refresh.window.jitter = 0.05
	sasl.mechanism = GSSAPI
	security.protocol = PLAINTEXT
	security.providers = null
	send.buffer.bytes = 131072
	session.timeout.ms = 45000
	socket.connection.setup.timeout.max.ms = 30000
	socket.connection.setup.timeout.ms = 10000
	ssl.cipher.suites = null
	ssl.enabled.protocols = [TLSv1.2, TLSv1.3]
	ssl.endpoint.identification.algorithm = https
	ssl.engine.factory.class = null
	ssl.key.password = null
	ssl.keymanager.algorithm = SunX509
	ssl.keystore.certificate.chain = null
	ssl.keystore.key = null
	ssl.keystore.location = null
	ssl.keystore.password = null
	ssl.keystore.type = JKS
	ssl.protocol = TLSv1.3
	ssl.provider = null
	ssl.secure.random.implementation = null
	ssl.trustmanager.algorithm = PKIX
	ssl.truststore.certificates = null
	ssl.truststore.location = null
	ssl.truststore.password = null
	ssl.truststore.type = JKS
	value.deserializer = class org.springframework.kafka.support.serializer.JsonDeserializer

2022-06-06 16:10:15,643 INFO org.apache.kafka.common.utils.AppInfoParser$AppInfo [main] Kafka version: 3.0.1
2022-06-06 16:10:15,644 INFO org.apache.kafka.common.utils.AppInfoParser$AppInfo [main] Kafka commitId: 8e30984f43e64d8b
2022-06-06 16:10:15,645 INFO org.apache.kafka.common.utils.AppInfoParser$AppInfo [main] Kafka startTimeMs: 1654524615641
2022-06-06 16:10:15,648 INFO org.apache.kafka.clients.consumer.KafkaConsumer [main] [Consumer clientId=consumer-rbc-library-1, groupId=rbc-library] Subscribed to topic(s): book-rating
2022-06-06 16:10:15,663 INFO org.apache.kafka.common.config.AbstractConfig [main] ConsumerConfig values: 
	allow.auto.create.topics = true
	auto.commit.interval.ms = 5000
	auto.offset.reset = latest
	bootstrap.servers = [localhost:9092]
	check.crcs = true
	client.dns.lookup = use_all_dns_ips
	client.id = consumer-rbc-library-2
	client.rack = 
	connections.max.idle.ms = 540000
	default.api.timeout.ms = 60000
	enable.auto.commit = false
	exclude.internal.topics = true
	fetch.max.bytes = 52428800
	fetch.max.wait.ms = 500
	fetch.min.bytes = 1
	group.id = rbc-library
	group.instance.id = null
	heartbeat.interval.ms = 3000
	interceptor.classes = []
	internal.leave.group.on.close = true
	internal.throw.on.fetch.stable.offset.unsupported = false
	isolation.level = read_uncommitted
	key.deserializer = class org.apache.kafka.common.serialization.StringDeserializer
	max.partition.fetch.bytes = 1048576
	max.poll.interval.ms = 300000
	max.poll.records = 500
	metadata.max.age.ms = 300000
	metric.reporters = []
	metrics.num.samples = 2
	metrics.recording.level = INFO
	metrics.sample.window.ms = 30000
	partition.assignment.strategy = [class org.apache.kafka.clients.consumer.RangeAssignor, class org.apache.kafka.clients.consumer.CooperativeStickyAssignor]
	receive.buffer.bytes = 65536
	reconnect.backoff.max.ms = 1000
	reconnect.backoff.ms = 50
	request.timeout.ms = 30000
	retry.backoff.ms = 100
	sasl.client.callback.handler.class = null
	sasl.jaas.config = null
	sasl.kerberos.kinit.cmd = /usr/bin/kinit
	sasl.kerberos.min.time.before.relogin = 60000
	sasl.kerberos.service.name = null
	sasl.kerberos.ticket.renew.jitter = 0.05
	sasl.kerberos.ticket.renew.window.factor = 0.8
	sasl.login.callback.handler.class = null
	sasl.login.class = null
	sasl.login.refresh.buffer.seconds = 300
	sasl.login.refresh.min.period.seconds = 60
	sasl.login.refresh.window.factor = 0.8
	sasl.login.refresh.window.jitter = 0.05
	sasl.mechanism = GSSAPI
	security.protocol = PLAINTEXT
	security.providers = null
	send.buffer.bytes = 131072
	session.timeout.ms = 45000
	socket.connection.setup.timeout.max.ms = 30000
	socket.connection.setup.timeout.ms = 10000
	ssl.cipher.suites = null
	ssl.enabled.protocols = [TLSv1.2, TLSv1.3]
	ssl.endpoint.identification.algorithm = https
	ssl.engine.factory.class = null
	ssl.key.password = null
	ssl.keymanager.algorithm = SunX509
	ssl.keystore.certificate.chain = null
	ssl.keystore.key = null
	ssl.keystore.location = null
	ssl.keystore.password = null
	ssl.keystore.type = JKS
	ssl.protocol = TLSv1.3
	ssl.provider = null
	ssl.secure.random.implementation = null
	ssl.trustmanager.algorithm = PKIX
	ssl.truststore.certificates = null
	ssl.truststore.location = null
	ssl.truststore.password = null
	ssl.truststore.type = JKS
	value.deserializer = class org.springframework.kafka.support.serializer.JsonDeserializer

2022-06-06 16:10:15,671 INFO org.apache.kafka.common.utils.AppInfoParser$AppInfo [main] Kafka version: 3.0.1
2022-06-06 16:10:15,671 INFO org.apache.kafka.common.utils.AppInfoParser$AppInfo [main] Kafka commitId: 8e30984f43e64d8b
2022-06-06 16:10:15,671 INFO org.apache.kafka.common.utils.AppInfoParser$AppInfo [main] Kafka startTimeMs: 1654524615671
2022-06-06 16:10:15,672 INFO org.apache.kafka.clients.consumer.KafkaConsumer [main] [Consumer clientId=consumer-rbc-library-2, groupId=rbc-library] Subscribed to topic(s): book-recommendation
2022-06-06 16:10:15,674 INFO org.apache.kafka.common.config.AbstractConfig [main] ConsumerConfig values: 
	allow.auto.create.topics = true
	auto.commit.interval.ms = 5000
	auto.offset.reset = latest
	bootstrap.servers = [localhost:9092]
	check.crcs = true
	client.dns.lookup = use_all_dns_ips
	client.id = consumer-rbc-library-3
	client.rack = 
	connections.max.idle.ms = 540000
	default.api.timeout.ms = 60000
	enable.auto.commit = false
	exclude.internal.topics = true
	fetch.max.bytes = 52428800
	fetch.max.wait.ms = 500
	fetch.min.bytes = 1
	group.id = rbc-library
	group.instance.id = null
	heartbeat.interval.ms = 3000
	interceptor.classes = []
	internal.leave.group.on.close = true
	internal.throw.on.fetch.stable.offset.unsupported = false
	isolation.level = read_uncommitted
	key.deserializer = class org.apache.kafka.common.serialization.StringDeserializer
	max.partition.fetch.bytes = 1048576
	max.poll.interval.ms = 300000
	max.poll.records = 500
	metadata.max.age.ms = 300000
	metric.reporters = []
	metrics.num.samples = 2
	metrics.recording.level = INFO
	metrics.sample.window.ms = 30000
	partition.assignment.strategy = [class org.apache.kafka.clients.consumer.RangeAssignor, class org.apache.kafka.clients.consumer.CooperativeStickyAssignor]
	receive.buffer.bytes = 65536
	reconnect.backoff.max.ms = 1000
	reconnect.backoff.ms = 50
	request.timeout.ms = 30000
	retry.backoff.ms = 100
	sasl.client.callback.handler.class = null
	sasl.jaas.config = null
	sasl.kerberos.kinit.cmd = /usr/bin/kinit
	sasl.kerberos.min.time.before.relogin = 60000
	sasl.kerberos.service.name = null
	sasl.kerberos.ticket.renew.jitter = 0.05
	sasl.kerberos.ticket.renew.window.factor = 0.8
	sasl.login.callback.handler.class = null
	sasl.login.class = null
	sasl.login.refresh.buffer.seconds = 300
	sasl.login.refresh.min.period.seconds = 60
	sasl.login.refresh.window.factor = 0.8
	sasl.login.refresh.window.jitter = 0.05
	sasl.mechanism = GSSAPI
	security.protocol = PLAINTEXT
	security.providers = null
	send.buffer.bytes = 131072
	session.timeout.ms = 45000
	socket.connection.setup.timeout.max.ms = 30000
	socket.connection.setup.timeout.ms = 10000
	ssl.cipher.suites = null
	ssl.enabled.protocols = [TLSv1.2, TLSv1.3]
	ssl.endpoint.identification.algorithm = https
	ssl.engine.factory.class = null
	ssl.key.password = null
	ssl.keymanager.algorithm = SunX509
	ssl.keystore.certificate.chain = null
	ssl.keystore.key = null
	ssl.keystore.location = null
	ssl.keystore.password = null
	ssl.keystore.type = JKS
	ssl.protocol = TLSv1.3
	ssl.provider = null
	ssl.secure.random.implementation = null
	ssl.trustmanager.algorithm = PKIX
	ssl.truststore.certificates = null
	ssl.truststore.location = null
	ssl.truststore.password = null
	ssl.truststore.type = JKS
	value.deserializer = class org.springframework.kafka.support.serializer.JsonDeserializer

2022-06-06 16:10:15,680 INFO org.apache.kafka.common.utils.AppInfoParser$AppInfo [main] Kafka version: 3.0.1
2022-06-06 16:10:15,680 INFO org.apache.kafka.common.utils.AppInfoParser$AppInfo [main] Kafka commitId: 8e30984f43e64d8b
2022-06-06 16:10:15,681 INFO org.apache.kafka.common.utils.AppInfoParser$AppInfo [main] Kafka startTimeMs: 1654524615680
2022-06-06 16:10:15,681 INFO org.apache.kafka.clients.consumer.KafkaConsumer [main] [Consumer clientId=consumer-rbc-library-3, groupId=rbc-library] Subscribed to topic(s): insert-book
2022-06-06 16:10:15,683 INFO org.apache.kafka.common.config.AbstractConfig [main] ConsumerConfig values: 
	allow.auto.create.topics = true
	auto.commit.interval.ms = 5000
	auto.offset.reset = latest
	bootstrap.servers = [localhost:9092]
	check.crcs = true
	client.dns.lookup = use_all_dns_ips
	client.id = consumer-rbc-library-4
	client.rack = 
	connections.max.idle.ms = 540000
	default.api.timeout.ms = 60000
	enable.auto.commit = false
	exclude.internal.topics = true
	fetch.max.bytes = 52428800
	fetch.max.wait.ms = 500
	fetch.min.bytes = 1
	group.id = rbc-library
	group.instance.id = null
	heartbeat.interval.ms = 3000
	interceptor.classes = []
	internal.leave.group.on.close = true
	internal.throw.on.fetch.stable.offset.unsupported = false
	isolation.level = read_uncommitted
	key.deserializer = class org.apache.kafka.common.serialization.StringDeserializer
	max.partition.fetch.bytes = 1048576
	max.poll.interval.ms = 300000
	max.poll.records = 500
	metadata.max.age.ms = 300000
	metric.reporters = []
	metrics.num.samples = 2
	metrics.recording.level = INFO
	metrics.sample.window.ms = 30000
	partition.assignment.strategy = [class org.apache.kafka.clients.consumer.RangeAssignor, class org.apache.kafka.clients.consumer.CooperativeStickyAssignor]
	receive.buffer.bytes = 65536
	reconnect.backoff.max.ms = 1000
	reconnect.backoff.ms = 50
	request.timeout.ms = 30000
	retry.backoff.ms = 100
	sasl.client.callback.handler.class = null
	sasl.jaas.config = null
	sasl.kerberos.kinit.cmd = /usr/bin/kinit
	sasl.kerberos.min.time.before.relogin = 60000
	sasl.kerberos.service.name = null
	sasl.kerberos.ticket.renew.jitter = 0.05
	sasl.kerberos.ticket.renew.window.factor = 0.8
	sasl.login.callback.handler.class = null
	sasl.login.class = null
	sasl.login.refresh.buffer.seconds = 300
	sasl.login.refresh.min.period.seconds = 60
	sasl.login.refresh.window.factor = 0.8
	sasl.login.refresh.window.jitter = 0.05
	sasl.mechanism = GSSAPI
	security.protocol = PLAINTEXT
	security.providers = null
	send.buffer.bytes = 131072
	session.timeout.ms = 45000
	socket.connection.setup.timeout.max.ms = 30000
	socket.connection.setup.timeout.ms = 10000
	ssl.cipher.suites = null
	ssl.enabled.protocols = [TLSv1.2, TLSv1.3]
	ssl.endpoint.identification.algorithm = https
	ssl.engine.factory.class = null
	ssl.key.password = null
	ssl.keymanager.algorithm = SunX509
	ssl.keystore.certificate.chain = null
	ssl.keystore.key = null
	ssl.keystore.location = null
	ssl.keystore.password = null
	ssl.keystore.type = JKS
	ssl.protocol = TLSv1.3
	ssl.provider = null
	ssl.secure.random.implementation = null
	ssl.trustmanager.algorithm = PKIX
	ssl.truststore.certificates = null
	ssl.truststore.location = null
	ssl.truststore.password = null
	ssl.truststore.type = JKS
	value.deserializer = class org.springframework.kafka.support.serializer.JsonDeserializer

2022-06-06 16:10:15,689 INFO org.apache.kafka.common.utils.AppInfoParser$AppInfo [main] Kafka version: 3.0.1
2022-06-06 16:10:15,689 INFO org.apache.kafka.common.utils.AppInfoParser$AppInfo [main] Kafka commitId: 8e30984f43e64d8b
2022-06-06 16:10:15,689 INFO org.apache.kafka.common.utils.AppInfoParser$AppInfo [main] Kafka startTimeMs: 1654524615689
2022-06-06 16:10:15,690 INFO org.apache.kafka.clients.consumer.KafkaConsumer [main] [Consumer clientId=consumer-rbc-library-4, groupId=rbc-library] Subscribed to topic(s): book-status
2022-06-06 16:10:15,692 INFO org.apache.kafka.common.config.AbstractConfig [main] ConsumerConfig values: 
	allow.auto.create.topics = true
	auto.commit.interval.ms = 5000
	auto.offset.reset = latest
	bootstrap.servers = [localhost:9092]
	check.crcs = true
	client.dns.lookup = use_all_dns_ips
	client.id = consumer-rbc-library-5
	client.rack = 
	connections.max.idle.ms = 540000
	default.api.timeout.ms = 60000
	enable.auto.commit = false
	exclude.internal.topics = true
	fetch.max.bytes = 52428800
	fetch.max.wait.ms = 500
	fetch.min.bytes = 1
	group.id = rbc-library
	group.instance.id = null
	heartbeat.interval.ms = 3000
	interceptor.classes = []
	internal.leave.group.on.close = true
	internal.throw.on.fetch.stable.offset.unsupported = false
	isolation.level = read_uncommitted
	key.deserializer = class org.apache.kafka.common.serialization.StringDeserializer
	max.partition.fetch.bytes = 1048576
	max.poll.interval.ms = 300000
	max.poll.records = 500
	metadata.max.age.ms = 300000
	metric.reporters = []
	metrics.num.samples = 2
	metrics.recording.level = INFO
	metrics.sample.window.ms = 30000
	partition.assignment.strategy = [class org.apache.kafka.clients.consumer.RangeAssignor, class org.apache.kafka.clients.consumer.CooperativeStickyAssignor]
	receive.buffer.bytes = 65536
	reconnect.backoff.max.ms = 1000
	reconnect.backoff.ms = 50
	request.timeout.ms = 30000
	retry.backoff.ms = 100
	sasl.client.callback.handler.class = null
	sasl.jaas.config = null
	sasl.kerberos.kinit.cmd = /usr/bin/kinit
	sasl.kerberos.min.time.before.relogin = 60000
	sasl.kerberos.service.name = null
	sasl.kerberos.ticket.renew.jitter = 0.05
	sasl.kerberos.ticket.renew.window.factor = 0.8
	sasl.login.callback.handler.class = null
	sasl.login.class = null
	sasl.login.refresh.buffer.seconds = 300
	sasl.login.refresh.min.period.seconds = 60
	sasl.login.refresh.window.factor = 0.8
	sasl.login.refresh.window.jitter = 0.05
	sasl.mechanism = GSSAPI
	security.protocol = PLAINTEXT
	security.providers = null
	send.buffer.bytes = 131072
	session.timeout.ms = 45000
	socket.connection.setup.timeout.max.ms = 30000
	socket.connection.setup.timeout.ms = 10000
	ssl.cipher.suites = null
	ssl.enabled.protocols = [TLSv1.2, TLSv1.3]
	ssl.endpoint.identification.algorithm = https
	ssl.engine.factory.class = null
	ssl.key.password = null
	ssl.keymanager.algorithm = SunX509
	ssl.keystore.certificate.chain = null
	ssl.keystore.key = null
	ssl.keystore.location = null
	ssl.keystore.password = null
	ssl.keystore.type = JKS
	ssl.protocol = TLSv1.3
	ssl.provider = null
	ssl.secure.random.implementation = null
	ssl.trustmanager.algorithm = PKIX
	ssl.truststore.certificates = null
	ssl.truststore.location = null
	ssl.truststore.password = null
	ssl.truststore.type = JKS
	value.deserializer = class org.springframework.kafka.support.serializer.JsonDeserializer

2022-06-06 16:10:15,697 INFO org.apache.kafka.common.utils.AppInfoParser$AppInfo [main] Kafka version: 3.0.1
2022-06-06 16:10:15,698 INFO org.apache.kafka.common.utils.AppInfoParser$AppInfo [main] Kafka commitId: 8e30984f43e64d8b
2022-06-06 16:10:15,698 INFO org.apache.kafka.common.utils.AppInfoParser$AppInfo [main] Kafka startTimeMs: 1654524615697
2022-06-06 16:10:15,698 INFO org.apache.kafka.clients.consumer.KafkaConsumer [main] [Consumer clientId=consumer-rbc-library-5, groupId=rbc-library] Subscribed to topic(s): book-availability
2022-06-06 16:10:15,699 INFO org.apache.juli.logging.DirectJDKLog [main] Starting ProtocolHandler ["http-nio-8080"]
2022-06-06 16:10:15,715 INFO org.springframework.boot.web.embedded.tomcat.TomcatWebServer [main] Tomcat started on port(s): 8080 (http) with context path ''
2022-06-06 16:10:15,725 INFO org.springframework.boot.StartupInfoLogger [main] Started SearchApplication in 8.942 seconds (JVM running for 9.531)
2022-06-06 16:10:16,229 INFO org.apache.kafka.clients.Metadata [org.springframework.kafka.KafkaListenerEndpointContainer#3-0-C-1] [Consumer clientId=consumer-rbc-library-2, groupId=rbc-library] Resetting the last seen epoch of partition book-recommendation-0 to 0 since the associated topicId changed from null to EP_8tXEYQxCgFHzHc-sx3w
2022-06-06 16:10:16,230 INFO org.apache.kafka.clients.Metadata [org.springframework.kafka.KafkaListenerEndpointContainer#1-0-C-1] [Consumer clientId=consumer-rbc-library-5, groupId=rbc-library] Resetting the last seen epoch of partition book-availability-0 to 0 since the associated topicId changed from null to a1WzbSIwR_KC5HehwiNwIg
2022-06-06 16:10:16,229 INFO org.apache.kafka.clients.Metadata [org.springframework.kafka.KafkaListenerEndpointContainer#2-0-C-1] [Consumer clientId=consumer-rbc-library-1, groupId=rbc-library] Resetting the last seen epoch of partition book-rating-0 to 0 since the associated topicId changed from null to jASTwikmRMSSaHhFAsMJew
2022-06-06 16:10:16,229 INFO org.apache.kafka.clients.Metadata [org.springframework.kafka.KafkaListenerEndpointContainer#4-0-C-1] [Consumer clientId=consumer-rbc-library-3, groupId=rbc-library] Resetting the last seen epoch of partition insert-book-0 to 0 since the associated topicId changed from null to DyyMmrbhTl-TwNGv0qwIBw
2022-06-06 16:10:16,229 INFO org.apache.kafka.clients.Metadata [org.springframework.kafka.KafkaListenerEndpointContainer#0-0-C-1] [Consumer clientId=consumer-rbc-library-4, groupId=rbc-library] Resetting the last seen epoch of partition book-status-0 to 0 since the associated topicId changed from null to 7A6_lFIISE6DaomUjuajUw
2022-06-06 16:10:16,235 INFO org.apache.kafka.clients.Metadata [org.springframework.kafka.KafkaListenerEndpointContainer#0-0-C-1] [Consumer clientId=consumer-rbc-library-4, groupId=rbc-library] Cluster ID: lrrmOPyERGayLdTABFAn9Q
2022-06-06 16:10:16,235 INFO org.apache.kafka.clients.Metadata [org.springframework.kafka.KafkaListenerEndpointContainer#3-0-C-1] [Consumer clientId=consumer-rbc-library-2, groupId=rbc-library] Cluster ID: lrrmOPyERGayLdTABFAn9Q
2022-06-06 16:10:16,235 INFO org.apache.kafka.clients.Metadata [org.springframework.kafka.KafkaListenerEndpointContainer#4-0-C-1] [Consumer clientId=consumer-rbc-library-3, groupId=rbc-library] Cluster ID: lrrmOPyERGayLdTABFAn9Q
2022-06-06 16:10:16,236 INFO org.apache.kafka.clients.Metadata [org.springframework.kafka.KafkaListenerEndpointContainer#1-0-C-1] [Consumer clientId=consumer-rbc-library-5, groupId=rbc-library] Cluster ID: lrrmOPyERGayLdTABFAn9Q
2022-06-06 16:10:16,235 INFO org.apache.kafka.clients.Metadata [org.springframework.kafka.KafkaListenerEndpointContainer#2-0-C-1] [Consumer clientId=consumer-rbc-library-1, groupId=rbc-library] Cluster ID: lrrmOPyERGayLdTABFAn9Q
2022-06-06 16:10:17,319 INFO org.apache.kafka.clients.consumer.internals.AbstractCoordinator$FindCoordinatorResponseHandler [org.springframework.kafka.KafkaListenerEndpointContainer#2-0-C-1] [Consumer clientId=consumer-rbc-library-1, groupId=rbc-library] Discovered group coordinator localhost:9092 (id: 2147482646 rack: null)
2022-06-06 16:10:17,319 INFO org.apache.kafka.clients.consumer.internals.AbstractCoordinator$FindCoordinatorResponseHandler [org.springframework.kafka.KafkaListenerEndpointContainer#0-0-C-1] [Consumer clientId=consumer-rbc-library-4, groupId=rbc-library] Discovered group coordinator localhost:9092 (id: 2147482646 rack: null)
2022-06-06 16:10:17,321 INFO org.apache.kafka.clients.consumer.internals.AbstractCoordinator$FindCoordinatorResponseHandler [org.springframework.kafka.KafkaListenerEndpointContainer#4-0-C-1] [Consumer clientId=consumer-rbc-library-3, groupId=rbc-library] Discovered group coordinator localhost:9092 (id: 2147482646 rack: null)
2022-06-06 16:10:17,321 INFO org.apache.kafka.clients.consumer.internals.AbstractCoordinator$FindCoordinatorResponseHandler [org.springframework.kafka.KafkaListenerEndpointContainer#3-0-C-1] [Consumer clientId=consumer-rbc-library-2, groupId=rbc-library] Discovered group coordinator localhost:9092 (id: 2147482646 rack: null)
2022-06-06 16:10:17,325 INFO org.apache.kafka.clients.consumer.internals.AbstractCoordinator [org.springframework.kafka.KafkaListenerEndpointContainer#4-0-C-1] [Consumer clientId=consumer-rbc-library-3, groupId=rbc-library] (Re-)joining group
2022-06-06 16:10:17,325 INFO org.apache.kafka.clients.consumer.internals.AbstractCoordinator [org.springframework.kafka.KafkaListenerEndpointContainer#0-0-C-1] [Consumer clientId=consumer-rbc-library-4, groupId=rbc-library] (Re-)joining group
2022-06-06 16:10:17,325 INFO org.apache.kafka.clients.consumer.internals.AbstractCoordinator [org.springframework.kafka.KafkaListenerEndpointContainer#3-0-C-1] [Consumer clientId=consumer-rbc-library-2, groupId=rbc-library] (Re-)joining group
2022-06-06 16:10:17,326 INFO org.apache.kafka.clients.consumer.internals.AbstractCoordinator [org.springframework.kafka.KafkaListenerEndpointContainer#2-0-C-1] [Consumer clientId=consumer-rbc-library-1, groupId=rbc-library] (Re-)joining group
2022-06-06 16:10:17,334 INFO org.apache.kafka.clients.consumer.internals.AbstractCoordinator$FindCoordinatorResponseHandler [org.springframework.kafka.KafkaListenerEndpointContainer#1-0-C-1] [Consumer clientId=consumer-rbc-library-5, groupId=rbc-library] Discovered group coordinator localhost:9092 (id: 2147482646 rack: null)
2022-06-06 16:10:17,335 INFO org.apache.kafka.clients.consumer.internals.AbstractCoordinator [org.springframework.kafka.KafkaListenerEndpointContainer#1-0-C-1] [Consumer clientId=consumer-rbc-library-5, groupId=rbc-library] (Re-)joining group
2022-06-06 16:10:17,414 INFO org.apache.kafka.clients.consumer.internals.AbstractCoordinator [org.springframework.kafka.KafkaListenerEndpointContainer#1-0-C-1] [Consumer clientId=consumer-rbc-library-5, groupId=rbc-library] Request joining group due to: need to re-join with the given member-id
2022-06-06 16:10:17,414 INFO org.apache.kafka.clients.consumer.internals.AbstractCoordinator [org.springframework.kafka.KafkaListenerEndpointContainer#1-0-C-1] [Consumer clientId=consumer-rbc-library-5, groupId=rbc-library] (Re-)joining group
2022-06-06 16:10:17,416 INFO org.apache.kafka.clients.consumer.internals.AbstractCoordinator [org.springframework.kafka.KafkaListenerEndpointContainer#4-0-C-1] [Consumer clientId=consumer-rbc-library-3, groupId=rbc-library] Request joining group due to: need to re-join with the given member-id
2022-06-06 16:10:17,417 INFO org.apache.kafka.clients.consumer.internals.AbstractCoordinator [org.springframework.kafka.KafkaListenerEndpointContainer#4-0-C-1] [Consumer clientId=consumer-rbc-library-3, groupId=rbc-library] (Re-)joining group
2022-06-06 16:10:17,417 INFO org.apache.kafka.clients.consumer.internals.AbstractCoordinator [org.springframework.kafka.KafkaListenerEndpointContainer#0-0-C-1] [Consumer clientId=consumer-rbc-library-4, groupId=rbc-library] Request joining group due to: need to re-join with the given member-id
2022-06-06 16:10:17,418 INFO org.apache.kafka.clients.consumer.internals.AbstractCoordinator [org.springframework.kafka.KafkaListenerEndpointContainer#0-0-C-1] [Consumer clientId=consumer-rbc-library-4, groupId=rbc-library] (Re-)joining group
2022-06-06 16:10:17,419 INFO org.apache.kafka.clients.consumer.internals.AbstractCoordinator [org.springframework.kafka.KafkaListenerEndpointContainer#3-0-C-1] [Consumer clientId=consumer-rbc-library-2, groupId=rbc-library] Request joining group due to: need to re-join with the given member-id
2022-06-06 16:10:17,420 INFO org.apache.kafka.clients.consumer.internals.AbstractCoordinator [org.springframework.kafka.KafkaListenerEndpointContainer#2-0-C-1] [Consumer clientId=consumer-rbc-library-1, groupId=rbc-library] Request joining group due to: need to re-join with the given member-id
2022-06-06 16:10:17,420 INFO org.apache.kafka.clients.consumer.internals.AbstractCoordinator [org.springframework.kafka.KafkaListenerEndpointContainer#3-0-C-1] [Consumer clientId=consumer-rbc-library-2, groupId=rbc-library] (Re-)joining group
2022-06-06 16:10:17,421 INFO org.apache.kafka.clients.consumer.internals.AbstractCoordinator [org.springframework.kafka.KafkaListenerEndpointContainer#2-0-C-1] [Consumer clientId=consumer-rbc-library-1, groupId=rbc-library] (Re-)joining group
2022-06-06 16:10:17,484 INFO org.apache.kafka.clients.consumer.internals.AbstractCoordinator$JoinGroupResponseHandler [org.springframework.kafka.KafkaListenerEndpointContainer#2-0-C-1] [Consumer clientId=consumer-rbc-library-1, groupId=rbc-library] Successfully joined group with generation Generation{generationId=1, memberId='consumer-rbc-library-1-6259ed19-fe81-4eb6-99c3-018b35d9b8c8', protocol='range'}
2022-06-06 16:10:17,495 INFO org.apache.kafka.clients.consumer.internals.AbstractCoordinator$JoinGroupResponseHandler [org.springframework.kafka.KafkaListenerEndpointContainer#3-0-C-1] [Consumer clientId=consumer-rbc-library-2, groupId=rbc-library] Successfully joined group with generation Generation{generationId=1, memberId='consumer-rbc-library-2-db16ee5b-c387-44b2-a42d-c62c2c8bc861', protocol='range'}
2022-06-06 16:10:17,495 INFO org.apache.kafka.clients.consumer.internals.AbstractCoordinator$JoinGroupResponseHandler [org.springframework.kafka.KafkaListenerEndpointContainer#4-0-C-1] [Consumer clientId=consumer-rbc-library-3, groupId=rbc-library] Successfully joined group with generation Generation{generationId=1, memberId='consumer-rbc-library-3-dbde72ff-8ad6-4165-8105-c486f3956460', protocol='range'}
2022-06-06 16:10:17,495 INFO org.apache.kafka.clients.consumer.internals.AbstractCoordinator$JoinGroupResponseHandler [org.springframework.kafka.KafkaListenerEndpointContainer#0-0-C-1] [Consumer clientId=consumer-rbc-library-4, groupId=rbc-library] Successfully joined group with generation Generation{generationId=1, memberId='consumer-rbc-library-4-973f2711-e1a0-4811-bf4e-6edd1f492f52', protocol='range'}
2022-06-06 16:10:17,512 INFO org.apache.kafka.clients.consumer.internals.AbstractCoordinator$JoinGroupResponseHandler [org.springframework.kafka.KafkaListenerEndpointContainer#1-0-C-1] [Consumer clientId=consumer-rbc-library-5, groupId=rbc-library] Successfully joined group with generation Generation{generationId=1, memberId='consumer-rbc-library-5-8d54ce99-14ed-4d4e-b6af-476b48dc0a09', protocol='range'}
2022-06-06 16:10:17,519 INFO org.apache.kafka.clients.Metadata [org.springframework.kafka.KafkaListenerEndpointContainer#1-0-C-1] [Consumer clientId=consumer-rbc-library-5, groupId=rbc-library] Resetting the last seen epoch of partition book-recommendation-0 to 0 since the associated topicId changed from null to EP_8tXEYQxCgFHzHc-sx3w
2022-06-06 16:10:17,520 INFO org.apache.kafka.clients.Metadata [org.springframework.kafka.KafkaListenerEndpointContainer#1-0-C-1] [Consumer clientId=consumer-rbc-library-5, groupId=rbc-library] Resetting the last seen epoch of partition insert-book-0 to 0 since the associated topicId changed from null to DyyMmrbhTl-TwNGv0qwIBw
2022-06-06 16:10:17,520 INFO org.apache.kafka.clients.Metadata [org.springframework.kafka.KafkaListenerEndpointContainer#1-0-C-1] [Consumer clientId=consumer-rbc-library-5, groupId=rbc-library] Resetting the last seen epoch of partition book-status-0 to 0 since the associated topicId changed from null to 7A6_lFIISE6DaomUjuajUw
2022-06-06 16:10:17,521 INFO org.apache.kafka.clients.Metadata [org.springframework.kafka.KafkaListenerEndpointContainer#1-0-C-1] [Consumer clientId=consumer-rbc-library-5, groupId=rbc-library] Resetting the last seen epoch of partition book-rating-0 to 0 since the associated topicId changed from null to jASTwikmRMSSaHhFAsMJew
2022-06-06 16:10:17,524 INFO org.apache.kafka.clients.consumer.internals.ConsumerCoordinator [org.springframework.kafka.KafkaListenerEndpointContainer#1-0-C-1] [Consumer clientId=consumer-rbc-library-5, groupId=rbc-library] Finished assignment for group at generation 1: {consumer-rbc-library-1-6259ed19-fe81-4eb6-99c3-018b35d9b8c8=Assignment(partitions=[book-rating-0]), consumer-rbc-library-3-dbde72ff-8ad6-4165-8105-c486f3956460=Assignment(partitions=[insert-book-0]), consumer-rbc-library-4-973f2711-e1a0-4811-bf4e-6edd1f492f52=Assignment(partitions=[book-status-0]), consumer-rbc-library-2-db16ee5b-c387-44b2-a42d-c62c2c8bc861=Assignment(partitions=[book-recommendation-0]), consumer-rbc-library-5-8d54ce99-14ed-4d4e-b6af-476b48dc0a09=Assignment(partitions=[book-availability-0])}
2022-06-06 16:10:17,716 INFO org.apache.kafka.clients.consumer.internals.AbstractCoordinator$SyncGroupResponseHandler [org.springframework.kafka.KafkaListenerEndpointContainer#2-0-C-1] [Consumer clientId=consumer-rbc-library-1, groupId=rbc-library] Successfully synced group in generation Generation{generationId=1, memberId='consumer-rbc-library-1-6259ed19-fe81-4eb6-99c3-018b35d9b8c8', protocol='range'}
2022-06-06 16:10:17,717 INFO org.apache.kafka.clients.consumer.internals.ConsumerCoordinator [org.springframework.kafka.KafkaListenerEndpointContainer#2-0-C-1] [Consumer clientId=consumer-rbc-library-1, groupId=rbc-library] Notifying assignor about the new Assignment(partitions=[book-rating-0])
2022-06-06 16:10:17,721 INFO org.apache.kafka.clients.consumer.internals.AbstractCoordinator$SyncGroupResponseHandler [org.springframework.kafka.KafkaListenerEndpointContainer#4-0-C-1] [Consumer clientId=consumer-rbc-library-3, groupId=rbc-library] Successfully synced group in generation Generation{generationId=1, memberId='consumer-rbc-library-3-dbde72ff-8ad6-4165-8105-c486f3956460', protocol='range'}
2022-06-06 16:10:17,721 INFO org.apache.kafka.clients.consumer.internals.ConsumerCoordinator [org.springframework.kafka.KafkaListenerEndpointContainer#4-0-C-1] [Consumer clientId=consumer-rbc-library-3, groupId=rbc-library] Notifying assignor about the new Assignment(partitions=[insert-book-0])
2022-06-06 16:10:17,726 INFO org.apache.kafka.clients.consumer.internals.ConsumerCoordinator [org.springframework.kafka.KafkaListenerEndpointContainer#2-0-C-1] [Consumer clientId=consumer-rbc-library-1, groupId=rbc-library] Adding newly assigned partitions: book-rating-0
2022-06-06 16:10:17,726 INFO org.apache.kafka.clients.consumer.internals.ConsumerCoordinator [org.springframework.kafka.KafkaListenerEndpointContainer#4-0-C-1] [Consumer clientId=consumer-rbc-library-3, groupId=rbc-library] Adding newly assigned partitions: insert-book-0
2022-06-06 16:10:17,727 INFO org.apache.kafka.clients.consumer.internals.AbstractCoordinator$SyncGroupResponseHandler [org.springframework.kafka.KafkaListenerEndpointContainer#0-0-C-1] [Consumer clientId=consumer-rbc-library-4, groupId=rbc-library] Successfully synced group in generation Generation{generationId=1, memberId='consumer-rbc-library-4-973f2711-e1a0-4811-bf4e-6edd1f492f52', protocol='range'}
2022-06-06 16:10:17,728 INFO org.apache.kafka.clients.consumer.internals.ConsumerCoordinator [org.springframework.kafka.KafkaListenerEndpointContainer#0-0-C-1] [Consumer clientId=consumer-rbc-library-4, groupId=rbc-library] Notifying assignor about the new Assignment(partitions=[book-status-0])
2022-06-06 16:10:17,729 INFO org.apache.kafka.clients.consumer.internals.ConsumerCoordinator [org.springframework.kafka.KafkaListenerEndpointContainer#0-0-C-1] [Consumer clientId=consumer-rbc-library-4, groupId=rbc-library] Adding newly assigned partitions: book-status-0
2022-06-06 16:10:17,736 INFO org.apache.kafka.clients.consumer.internals.AbstractCoordinator$SyncGroupResponseHandler [org.springframework.kafka.KafkaListenerEndpointContainer#3-0-C-1] [Consumer clientId=consumer-rbc-library-2, groupId=rbc-library] Successfully synced group in generation Generation{generationId=1, memberId='consumer-rbc-library-2-db16ee5b-c387-44b2-a42d-c62c2c8bc861', protocol='range'}
2022-06-06 16:10:17,737 INFO org.apache.kafka.clients.consumer.internals.ConsumerCoordinator [org.springframework.kafka.KafkaListenerEndpointContainer#3-0-C-1] [Consumer clientId=consumer-rbc-library-2, groupId=rbc-library] Notifying assignor about the new Assignment(partitions=[book-recommendation-0])
2022-06-06 16:10:17,737 INFO org.apache.kafka.clients.consumer.internals.ConsumerCoordinator [org.springframework.kafka.KafkaListenerEndpointContainer#3-0-C-1] [Consumer clientId=consumer-rbc-library-2, groupId=rbc-library] Adding newly assigned partitions: book-recommendation-0
2022-06-06 16:10:17,746 INFO org.apache.kafka.clients.consumer.internals.AbstractCoordinator$SyncGroupResponseHandler [org.springframework.kafka.KafkaListenerEndpointContainer#1-0-C-1] [Consumer clientId=consumer-rbc-library-5, groupId=rbc-library] Successfully synced group in generation Generation{generationId=1, memberId='consumer-rbc-library-5-8d54ce99-14ed-4d4e-b6af-476b48dc0a09', protocol='range'}
2022-06-06 16:10:17,747 INFO org.apache.kafka.clients.consumer.internals.ConsumerCoordinator [org.springframework.kafka.KafkaListenerEndpointContainer#1-0-C-1] [Consumer clientId=consumer-rbc-library-5, groupId=rbc-library] Notifying assignor about the new Assignment(partitions=[book-availability-0])
2022-06-06 16:10:17,747 INFO org.apache.kafka.clients.consumer.internals.ConsumerCoordinator [org.springframework.kafka.KafkaListenerEndpointContainer#1-0-C-1] [Consumer clientId=consumer-rbc-library-5, groupId=rbc-library] Adding newly assigned partitions: book-availability-0
2022-06-06 16:10:17,771 INFO org.apache.kafka.clients.consumer.internals.ConsumerCoordinator$OffsetFetchResponseHandler [org.springframework.kafka.KafkaListenerEndpointContainer#1-0-C-1] [Consumer clientId=consumer-rbc-library-5, groupId=rbc-library] Found no committed offset for partition book-availability-0
2022-06-06 16:10:17,771 INFO org.apache.kafka.clients.consumer.internals.ConsumerCoordinator$OffsetFetchResponseHandler [org.springframework.kafka.KafkaListenerEndpointContainer#3-0-C-1] [Consumer clientId=consumer-rbc-library-2, groupId=rbc-library] Found no committed offset for partition book-recommendation-0
2022-06-06 16:10:17,772 INFO org.apache.kafka.clients.consumer.internals.ConsumerCoordinator$OffsetFetchResponseHandler [org.springframework.kafka.KafkaListenerEndpointContainer#4-0-C-1] [Consumer clientId=consumer-rbc-library-3, groupId=rbc-library] Found no committed offset for partition insert-book-0
2022-06-06 16:10:17,778 INFO org.apache.kafka.clients.consumer.internals.ConsumerCoordinator$OffsetFetchResponseHandler [org.springframework.kafka.KafkaListenerEndpointContainer#2-0-C-1] [Consumer clientId=consumer-rbc-library-1, groupId=rbc-library] Found no committed offset for partition book-rating-0
2022-06-06 16:10:17,778 INFO org.apache.kafka.clients.consumer.internals.ConsumerCoordinator$OffsetFetchResponseHandler [org.springframework.kafka.KafkaListenerEndpointContainer#0-0-C-1] [Consumer clientId=consumer-rbc-library-4, groupId=rbc-library] Found no committed offset for partition book-status-0
2022-06-06 16:10:17,784 INFO org.apache.kafka.clients.consumer.internals.ConsumerCoordinator$OffsetFetchResponseHandler [org.springframework.kafka.KafkaListenerEndpointContainer#4-0-C-1] [Consumer clientId=consumer-rbc-library-3, groupId=rbc-library] Found no committed offset for partition insert-book-0
2022-06-06 16:10:17,784 INFO org.apache.kafka.clients.consumer.internals.ConsumerCoordinator$OffsetFetchResponseHandler [org.springframework.kafka.KafkaListenerEndpointContainer#3-0-C-1] [Consumer clientId=consumer-rbc-library-2, groupId=rbc-library] Found no committed offset for partition book-recommendation-0
2022-06-06 16:10:17,786 INFO org.apache.kafka.clients.consumer.internals.ConsumerCoordinator$OffsetFetchResponseHandler [org.springframework.kafka.KafkaListenerEndpointContainer#0-0-C-1] [Consumer clientId=consumer-rbc-library-4, groupId=rbc-library] Found no committed offset for partition book-status-0
2022-06-06 16:10:17,786 INFO org.apache.kafka.clients.consumer.internals.ConsumerCoordinator$OffsetFetchResponseHandler [org.springframework.kafka.KafkaListenerEndpointContainer#1-0-C-1] [Consumer clientId=consumer-rbc-library-5, groupId=rbc-library] Found no committed offset for partition book-availability-0
2022-06-06 16:10:17,792 INFO org.apache.kafka.clients.consumer.internals.ConsumerCoordinator$OffsetFetchResponseHandler [org.springframework.kafka.KafkaListenerEndpointContainer#2-0-C-1] [Consumer clientId=consumer-rbc-library-1, groupId=rbc-library] Found no committed offset for partition book-rating-0
2022-06-06 16:10:17,854 INFO org.apache.kafka.clients.consumer.internals.SubscriptionState [org.springframework.kafka.KafkaListenerEndpointContainer#2-0-C-1] [Consumer clientId=consumer-rbc-library-1, groupId=rbc-library] Resetting offset for partition book-rating-0 to position FetchPosition{offset=0, offsetEpoch=Optional.empty, currentLeader=LeaderAndEpoch{leader=Optional[localhost:9092 (id: 1001 rack: null)], epoch=0}}.
2022-06-06 16:10:17,854 INFO org.apache.kafka.clients.consumer.internals.SubscriptionState [org.springframework.kafka.KafkaListenerEndpointContainer#0-0-C-1] [Consumer clientId=consumer-rbc-library-4, groupId=rbc-library] Resetting offset for partition book-status-0 to position FetchPosition{offset=0, offsetEpoch=Optional.empty, currentLeader=LeaderAndEpoch{leader=Optional[localhost:9092 (id: 1001 rack: null)], epoch=0}}.
2022-06-06 16:10:17,859 INFO org.apache.kafka.clients.consumer.internals.SubscriptionState [org.springframework.kafka.KafkaListenerEndpointContainer#1-0-C-1] [Consumer clientId=consumer-rbc-library-5, groupId=rbc-library] Resetting offset for partition book-availability-0 to position FetchPosition{offset=0, offsetEpoch=Optional.empty, currentLeader=LeaderAndEpoch{leader=Optional[localhost:9092 (id: 1001 rack: null)], epoch=0}}.
2022-06-06 16:10:17,859 INFO org.apache.kafka.clients.consumer.internals.SubscriptionState [org.springframework.kafka.KafkaListenerEndpointContainer#4-0-C-1] [Consumer clientId=consumer-rbc-library-3, groupId=rbc-library] Resetting offset for partition insert-book-0 to position FetchPosition{offset=0, offsetEpoch=Optional.empty, currentLeader=LeaderAndEpoch{leader=Optional[localhost:9092 (id: 1001 rack: null)], epoch=0}}.
2022-06-06 16:10:17,866 INFO org.apache.kafka.clients.consumer.internals.SubscriptionState [org.springframework.kafka.KafkaListenerEndpointContainer#3-0-C-1] [Consumer clientId=consumer-rbc-library-2, groupId=rbc-library] Resetting offset for partition book-recommendation-0 to position FetchPosition{offset=0, offsetEpoch=Optional.empty, currentLeader=LeaderAndEpoch{leader=Optional[localhost:9092 (id: 1001 rack: null)], epoch=0}}.
2022-06-06 16:10:17,938 INFO org.springframework.core.log.LogAccessor [org.springframework.kafka.KafkaListenerEndpointContainer#0-0-C-1] rbc-library: partitions assigned: [book-status-0]
2022-06-06 16:10:17,947 INFO org.springframework.core.log.LogAccessor [org.springframework.kafka.KafkaListenerEndpointContainer#3-0-C-1] rbc-library: partitions assigned: [book-recommendation-0]
2022-06-06 16:10:17,983 INFO org.springframework.core.log.LogAccessor [org.springframework.kafka.KafkaListenerEndpointContainer#4-0-C-1] rbc-library: partitions assigned: [insert-book-0]
2022-06-06 16:10:17,984 INFO org.springframework.core.log.LogAccessor [org.springframework.kafka.KafkaListenerEndpointContainer#2-0-C-1] rbc-library: partitions assigned: [book-rating-0]
2022-06-06 16:10:17,984 INFO org.springframework.core.log.LogAccessor [org.springframework.kafka.KafkaListenerEndpointContainer#1-0-C-1] rbc-library: partitions assigned: [book-availability-0]
2022-06-06 16:10:19,780 INFO org.apache.kafka.clients.consumer.internals.ConsumerCoordinator [org.springframework.kafka.KafkaListenerEndpointContainer#2-0-C-1] [Consumer clientId=consumer-rbc-library-1, groupId=rbc-library] Revoke previously assigned partitions book-rating-0
2022-06-06 16:10:19,780 INFO org.apache.kafka.clients.consumer.internals.ConsumerCoordinator [org.springframework.kafka.KafkaListenerEndpointContainer#4-0-C-1] [Consumer clientId=consumer-rbc-library-3, groupId=rbc-library] Revoke previously assigned partitions insert-book-0
2022-06-06 16:10:19,780 INFO org.apache.kafka.clients.consumer.internals.ConsumerCoordinator [org.springframework.kafka.KafkaListenerEndpointContainer#0-0-C-1] [Consumer clientId=consumer-rbc-library-4, groupId=rbc-library] Revoke previously assigned partitions book-status-0
2022-06-06 16:10:19,780 INFO org.apache.kafka.clients.consumer.internals.ConsumerCoordinator [org.springframework.kafka.KafkaListenerEndpointContainer#1-0-C-1] [Consumer clientId=consumer-rbc-library-5, groupId=rbc-library] Revoke previously assigned partitions book-availability-0
2022-06-06 16:10:19,780 INFO org.apache.kafka.clients.consumer.internals.ConsumerCoordinator [org.springframework.kafka.KafkaListenerEndpointContainer#3-0-C-1] [Consumer clientId=consumer-rbc-library-2, groupId=rbc-library] Revoke previously assigned partitions book-recommendation-0
2022-06-06 16:10:19,782 INFO org.springframework.core.log.LogAccessor [org.springframework.kafka.KafkaListenerEndpointContainer#4-0-C-1] rbc-library: partitions revoked: [insert-book-0]
2022-06-06 16:10:19,782 INFO org.springframework.core.log.LogAccessor [org.springframework.kafka.KafkaListenerEndpointContainer#1-0-C-1] rbc-library: partitions revoked: [book-availability-0]
2022-06-06 16:10:19,782 INFO org.springframework.core.log.LogAccessor [org.springframework.kafka.KafkaListenerEndpointContainer#2-0-C-1] rbc-library: partitions revoked: [book-rating-0]
2022-06-06 16:10:19,782 INFO org.springframework.core.log.LogAccessor [org.springframework.kafka.KafkaListenerEndpointContainer#3-0-C-1] rbc-library: partitions revoked: [book-recommendation-0]
2022-06-06 16:10:19,782 INFO org.springframework.core.log.LogAccessor [org.springframework.kafka.KafkaListenerEndpointContainer#0-0-C-1] rbc-library: partitions revoked: [book-status-0]
2022-06-06 16:10:19,783 INFO org.apache.kafka.clients.consumer.internals.AbstractCoordinator [org.springframework.kafka.KafkaListenerEndpointContainer#4-0-C-1] [Consumer clientId=consumer-rbc-library-3, groupId=rbc-library] Member consumer-rbc-library-3-dbde72ff-8ad6-4165-8105-c486f3956460 sending LeaveGroup request to coordinator localhost:9092 (id: 2147482646 rack: null) due to the consumer unsubscribed from all topics
2022-06-06 16:10:19,783 INFO org.apache.kafka.clients.consumer.internals.AbstractCoordinator [org.springframework.kafka.KafkaListenerEndpointContainer#2-0-C-1] [Consumer clientId=consumer-rbc-library-1, groupId=rbc-library] Member consumer-rbc-library-1-6259ed19-fe81-4eb6-99c3-018b35d9b8c8 sending LeaveGroup request to coordinator localhost:9092 (id: 2147482646 rack: null) due to the consumer unsubscribed from all topics
2022-06-06 16:10:19,783 INFO org.apache.kafka.clients.consumer.internals.AbstractCoordinator [org.springframework.kafka.KafkaListenerEndpointContainer#0-0-C-1] [Consumer clientId=consumer-rbc-library-4, groupId=rbc-library] Member consumer-rbc-library-4-973f2711-e1a0-4811-bf4e-6edd1f492f52 sending LeaveGroup request to coordinator localhost:9092 (id: 2147482646 rack: null) due to the consumer unsubscribed from all topics
2022-06-06 16:10:19,783 INFO org.apache.kafka.clients.consumer.internals.AbstractCoordinator [org.springframework.kafka.KafkaListenerEndpointContainer#3-0-C-1] [Consumer clientId=consumer-rbc-library-2, groupId=rbc-library] Member consumer-rbc-library-2-db16ee5b-c387-44b2-a42d-c62c2c8bc861 sending LeaveGroup request to coordinator localhost:9092 (id: 2147482646 rack: null) due to the consumer unsubscribed from all topics
2022-06-06 16:10:19,783 INFO org.apache.kafka.clients.consumer.internals.AbstractCoordinator [org.springframework.kafka.KafkaListenerEndpointContainer#1-0-C-1] [Consumer clientId=consumer-rbc-library-5, groupId=rbc-library] Member consumer-rbc-library-5-8d54ce99-14ed-4d4e-b6af-476b48dc0a09 sending LeaveGroup request to coordinator localhost:9092 (id: 2147482646 rack: null) due to the consumer unsubscribed from all topics
2022-06-06 16:10:19,784 INFO org.apache.kafka.clients.consumer.internals.AbstractCoordinator [org.springframework.kafka.KafkaListenerEndpointContainer#3-0-C-1] [Consumer clientId=consumer-rbc-library-2, groupId=rbc-library] Resetting generation due to: consumer pro-actively leaving the group
2022-06-06 16:10:19,784 INFO org.apache.kafka.clients.consumer.internals.AbstractCoordinator [org.springframework.kafka.KafkaListenerEndpointContainer#4-0-C-1] [Consumer clientId=consumer-rbc-library-3, groupId=rbc-library] Resetting generation due to: consumer pro-actively leaving the group
2022-06-06 16:10:19,784 INFO org.apache.kafka.clients.consumer.internals.AbstractCoordinator [org.springframework.kafka.KafkaListenerEndpointContainer#0-0-C-1] [Consumer clientId=consumer-rbc-library-4, groupId=rbc-library] Resetting generation due to: consumer pro-actively leaving the group
2022-06-06 16:10:19,784 INFO org.apache.kafka.clients.consumer.internals.AbstractCoordinator [org.springframework.kafka.KafkaListenerEndpointContainer#1-0-C-1] [Consumer clientId=consumer-rbc-library-5, groupId=rbc-library] Resetting generation due to: consumer pro-actively leaving the group
2022-06-06 16:10:19,784 INFO org.apache.kafka.clients.consumer.internals.AbstractCoordinator [org.springframework.kafka.KafkaListenerEndpointContainer#2-0-C-1] [Consumer clientId=consumer-rbc-library-1, groupId=rbc-library] Resetting generation due to: consumer pro-actively leaving the group
2022-06-06 16:10:19,785 INFO org.apache.kafka.clients.consumer.internals.AbstractCoordinator [org.springframework.kafka.KafkaListenerEndpointContainer#1-0-C-1] [Consumer clientId=consumer-rbc-library-5, groupId=rbc-library] Request joining group due to: consumer pro-actively leaving the group
2022-06-06 16:10:19,785 INFO org.apache.kafka.clients.consumer.internals.AbstractCoordinator [org.springframework.kafka.KafkaListenerEndpointContainer#4-0-C-1] [Consumer clientId=consumer-rbc-library-3, groupId=rbc-library] Request joining group due to: consumer pro-actively leaving the group
2022-06-06 16:10:19,785 INFO org.apache.kafka.clients.consumer.internals.AbstractCoordinator [org.springframework.kafka.KafkaListenerEndpointContainer#3-0-C-1] [Consumer clientId=consumer-rbc-library-2, groupId=rbc-library] Request joining group due to: consumer pro-actively leaving the group
2022-06-06 16:10:19,785 INFO org.apache.kafka.clients.consumer.internals.AbstractCoordinator [org.springframework.kafka.KafkaListenerEndpointContainer#2-0-C-1] [Consumer clientId=consumer-rbc-library-1, groupId=rbc-library] Request joining group due to: consumer pro-actively leaving the group
2022-06-06 16:10:19,785 INFO org.apache.kafka.clients.consumer.internals.AbstractCoordinator [org.springframework.kafka.KafkaListenerEndpointContainer#0-0-C-1] [Consumer clientId=consumer-rbc-library-4, groupId=rbc-library] Request joining group due to: consumer pro-actively leaving the group
2022-06-06 16:10:19,785 INFO org.apache.kafka.clients.consumer.KafkaConsumer [org.springframework.kafka.KafkaListenerEndpointContainer#3-0-C-1] [Consumer clientId=consumer-rbc-library-2, groupId=rbc-library] Unsubscribed all topics or patterns and assigned partitions
2022-06-06 16:10:19,785 INFO org.apache.kafka.clients.consumer.KafkaConsumer [org.springframework.kafka.KafkaListenerEndpointContainer#0-0-C-1] [Consumer clientId=consumer-rbc-library-4, groupId=rbc-library] Unsubscribed all topics or patterns and assigned partitions
2022-06-06 16:10:19,785 INFO org.apache.kafka.clients.consumer.KafkaConsumer [org.springframework.kafka.KafkaListenerEndpointContainer#1-0-C-1] [Consumer clientId=consumer-rbc-library-5, groupId=rbc-library] Unsubscribed all topics or patterns and assigned partitions
2022-06-06 16:10:19,785 INFO org.apache.kafka.clients.consumer.KafkaConsumer [org.springframework.kafka.KafkaListenerEndpointContainer#4-0-C-1] [Consumer clientId=consumer-rbc-library-3, groupId=rbc-library] Unsubscribed all topics or patterns and assigned partitions
2022-06-06 16:10:19,785 INFO org.apache.kafka.clients.consumer.KafkaConsumer [org.springframework.kafka.KafkaListenerEndpointContainer#2-0-C-1] [Consumer clientId=consumer-rbc-library-1, groupId=rbc-library] Unsubscribed all topics or patterns and assigned partitions
2022-06-06 16:10:19,786 INFO org.apache.kafka.clients.consumer.internals.AbstractCoordinator [org.springframework.kafka.KafkaListenerEndpointContainer#4-0-C-1] [Consumer clientId=consumer-rbc-library-3, groupId=rbc-library] Resetting generation due to: consumer pro-actively leaving the group
2022-06-06 16:10:19,787 INFO org.apache.kafka.clients.consumer.internals.AbstractCoordinator [org.springframework.kafka.KafkaListenerEndpointContainer#1-0-C-1] [Consumer clientId=consumer-rbc-library-5, groupId=rbc-library] Resetting generation due to: consumer pro-actively leaving the group
2022-06-06 16:10:19,787 INFO org.apache.kafka.clients.consumer.internals.AbstractCoordinator [org.springframework.kafka.KafkaListenerEndpointContainer#3-0-C-1] [Consumer clientId=consumer-rbc-library-2, groupId=rbc-library] Resetting generation due to: consumer pro-actively leaving the group
2022-06-06 16:10:19,787 INFO org.apache.kafka.clients.consumer.internals.AbstractCoordinator [org.springframework.kafka.KafkaListenerEndpointContainer#4-0-C-1] [Consumer clientId=consumer-rbc-library-3, groupId=rbc-library] Request joining group due to: consumer pro-actively leaving the group
2022-06-06 16:10:19,787 INFO org.apache.kafka.clients.consumer.internals.AbstractCoordinator [org.springframework.kafka.KafkaListenerEndpointContainer#2-0-C-1] [Consumer clientId=consumer-rbc-library-1, groupId=rbc-library] Resetting generation due to: consumer pro-actively leaving the group
2022-06-06 16:10:19,787 INFO org.apache.kafka.clients.consumer.internals.AbstractCoordinator [org.springframework.kafka.KafkaListenerEndpointContainer#1-0-C-1] [Consumer clientId=consumer-rbc-library-5, groupId=rbc-library] Request joining group due to: consumer pro-actively leaving the group
2022-06-06 16:10:19,787 INFO org.apache.kafka.clients.consumer.internals.AbstractCoordinator [org.springframework.kafka.KafkaListenerEndpointContainer#2-0-C-1] [Consumer clientId=consumer-rbc-library-1, groupId=rbc-library] Request joining group due to: consumer pro-actively leaving the group
2022-06-06 16:10:19,787 INFO org.apache.kafka.clients.consumer.internals.AbstractCoordinator [org.springframework.kafka.KafkaListenerEndpointContainer#3-0-C-1] [Consumer clientId=consumer-rbc-library-2, groupId=rbc-library] Request joining group due to: consumer pro-actively leaving the group
2022-06-06 16:10:19,787 INFO org.apache.kafka.clients.consumer.internals.AbstractCoordinator [org.springframework.kafka.KafkaListenerEndpointContainer#0-0-C-1] [Consumer clientId=consumer-rbc-library-4, groupId=rbc-library] Resetting generation due to: consumer pro-actively leaving the group
2022-06-06 16:10:19,787 INFO org.apache.kafka.clients.consumer.internals.AbstractCoordinator [org.springframework.kafka.KafkaListenerEndpointContainer#0-0-C-1] [Consumer clientId=consumer-rbc-library-4, groupId=rbc-library] Request joining group due to: consumer pro-actively leaving the group
2022-06-06 16:10:19,820 INFO org.apache.kafka.common.metrics.Metrics [org.springframework.kafka.KafkaListenerEndpointContainer#2-0-C-1] Metrics scheduler closed
2022-06-06 16:10:19,821 INFO org.apache.kafka.common.metrics.Metrics [org.springframework.kafka.KafkaListenerEndpointContainer#2-0-C-1] Closing reporter org.apache.kafka.common.metrics.JmxReporter
2022-06-06 16:10:19,821 INFO org.apache.kafka.common.metrics.Metrics [org.springframework.kafka.KafkaListenerEndpointContainer#2-0-C-1] Metrics reporters closed
2022-06-06 16:10:19,823 INFO org.apache.kafka.common.metrics.Metrics [org.springframework.kafka.KafkaListenerEndpointContainer#0-0-C-1] Metrics scheduler closed
2022-06-06 16:10:19,824 INFO org.apache.kafka.common.metrics.Metrics [org.springframework.kafka.KafkaListenerEndpointContainer#0-0-C-1] Closing reporter org.apache.kafka.common.metrics.JmxReporter
2022-06-06 16:10:19,825 INFO org.apache.kafka.common.metrics.Metrics [org.springframework.kafka.KafkaListenerEndpointContainer#0-0-C-1] Metrics reporters closed
2022-06-06 16:10:19,825 INFO org.apache.kafka.common.metrics.Metrics [org.springframework.kafka.KafkaListenerEndpointContainer#1-0-C-1] Metrics scheduler closed
2022-06-06 16:10:19,825 INFO org.apache.kafka.common.metrics.Metrics [org.springframework.kafka.KafkaListenerEndpointContainer#1-0-C-1] Closing reporter org.apache.kafka.common.metrics.JmxReporter
2022-06-06 16:10:19,827 INFO org.apache.kafka.common.metrics.Metrics [org.springframework.kafka.KafkaListenerEndpointContainer#1-0-C-1] Metrics reporters closed
2022-06-06 16:10:19,830 INFO org.apache.kafka.common.metrics.Metrics [org.springframework.kafka.KafkaListenerEndpointContainer#4-0-C-1] Metrics scheduler closed
2022-06-06 16:10:19,831 INFO org.apache.kafka.common.metrics.Metrics [org.springframework.kafka.KafkaListenerEndpointContainer#4-0-C-1] Closing reporter org.apache.kafka.common.metrics.JmxReporter
2022-06-06 16:10:19,831 INFO org.apache.kafka.common.metrics.Metrics [org.springframework.kafka.KafkaListenerEndpointContainer#4-0-C-1] Metrics reporters closed
2022-06-06 16:10:19,833 INFO org.apache.kafka.common.utils.AppInfoParser [org.springframework.kafka.KafkaListenerEndpointContainer#2-0-C-1] App info kafka.consumer for consumer-rbc-library-1 unregistered
2022-06-06 16:10:19,835 INFO org.apache.kafka.common.utils.AppInfoParser [org.springframework.kafka.KafkaListenerEndpointContainer#0-0-C-1] App info kafka.consumer for consumer-rbc-library-4 unregistered
2022-06-06 16:10:19,836 INFO org.springframework.core.log.LogAccessor [org.springframework.kafka.KafkaListenerEndpointContainer#0-0-C-1] rbc-library: Consumer stopped
2022-06-06 16:10:19,837 INFO org.springframework.core.log.LogAccessor [org.springframework.kafka.KafkaListenerEndpointContainer#2-0-C-1] rbc-library: Consumer stopped
2022-06-06 16:10:19,838 INFO org.apache.kafka.common.utils.AppInfoParser [org.springframework.kafka.KafkaListenerEndpointContainer#4-0-C-1] App info kafka.consumer for consumer-rbc-library-3 unregistered
2022-06-06 16:10:19,838 INFO org.springframework.core.log.LogAccessor [org.springframework.kafka.KafkaListenerEndpointContainer#4-0-C-1] rbc-library: Consumer stopped
2022-06-06 16:10:19,840 INFO org.apache.kafka.common.utils.AppInfoParser [org.springframework.kafka.KafkaListenerEndpointContainer#1-0-C-1] App info kafka.consumer for consumer-rbc-library-5 unregistered
2022-06-06 16:10:19,840 INFO org.springframework.core.log.LogAccessor [org.springframework.kafka.KafkaListenerEndpointContainer#1-0-C-1] rbc-library: Consumer stopped
2022-06-06 16:10:19,849 INFO org.apache.kafka.common.metrics.Metrics [org.springframework.kafka.KafkaListenerEndpointContainer#3-0-C-1] Metrics scheduler closed
2022-06-06 16:10:19,850 INFO org.apache.kafka.common.metrics.Metrics [org.springframework.kafka.KafkaListenerEndpointContainer#3-0-C-1] Closing reporter org.apache.kafka.common.metrics.JmxReporter
2022-06-06 16:10:19,851 INFO org.apache.kafka.common.metrics.Metrics [org.springframework.kafka.KafkaListenerEndpointContainer#3-0-C-1] Metrics reporters closed
2022-06-06 16:10:19,854 INFO org.apache.kafka.common.utils.AppInfoParser [org.springframework.kafka.KafkaListenerEndpointContainer#3-0-C-1] App info kafka.consumer for consumer-rbc-library-2 unregistered
2022-06-06 16:10:19,854 INFO org.springframework.core.log.LogAccessor [org.springframework.kafka.KafkaListenerEndpointContainer#3-0-C-1] rbc-library: Consumer stopped
